2023-ene.-07 04:21:24 [Test] COMPLETED : Action 'startWebApp' executed successfully with parameters :
'Feature : 'makeAPurchase.' , Url : 'https://demowebshop.tricentis.com/''.
		Evidence saved at: C:\Users\juan.quimbayo\Desktop\RetoFrameworkSofkaWebUI\src\main\resources\evidence\makeAPurchase._2023-01-07T04-21\makeAPurchase.\makeASuccessfulShopping. . Image name: makeASuccessfulShopping.-0.png
2023-ene.-07 04:21:25 [Test] COMPLETED : Action 'click' executed successfully with parameters :
'Web Element located by : 'No information' , Timeout : '2''.
		Evidence saved at: C:\Users\juan.quimbayo\Desktop\RetoFrameworkSofkaWebUI\src\main\resources\evidence\makeAPurchase._2023-01-07T04-21\makeAPurchase.\makeASuccessfulShopping. . Image name: makeASuccessfulShopping.-1.png
2023-ene.-07 04:21:25 [Test] COMPLETED : Action 'click' executed successfully with parameters :
'Web Element located by : 'No information' , Timeout : '5''.
		Evidence saved at: C:\Users\juan.quimbayo\Desktop\RetoFrameworkSofkaWebUI\src\main\resources\evidence\makeAPurchase._2023-01-07T04-21\makeAPurchase.\makeASuccessfulShopping. . Image name: makeASuccessfulShopping.-2.png
2023-ene.-07 04:21:25 [Test] COMPLETED : Action 'sendText' executed successfully with parameters :
'Web Element located by : 'No information' , Text : 'Eloisa' , Timeout : '2''.
		Evidence saved at: C:\Users\juan.quimbayo\Desktop\RetoFrameworkSofkaWebUI\src\main\resources\evidence\makeAPurchase._2023-01-07T04-21\makeAPurchase.\makeASuccessfulShopping. . Image name: makeASuccessfulShopping.-3.png
2023-ene.-07 04:21:26 [Test] COMPLETED : Action 'sendText' executed successfully with parameters :
'Web Element located by : 'No information' , Text : 'CasÃ¡rez' , Timeout : '2''.
		Evidence saved at: C:\Users\juan.quimbayo\Desktop\RetoFrameworkSofkaWebUI\src\main\resources\evidence\makeAPurchase._2023-01-07T04-21\makeAPurchase.\makeASuccessfulShopping. . Image name: makeASuccessfulShopping.-4.png
2023-ene.-07 04:21:26 [Test] COMPLETED : Action 'sendText' executed successfully with parameters :
'Web Element located by : 'No information' , Text : 'elsa.alcala@sofmail.com' , Timeout : '5''.
		Evidence saved at: C:\Users\juan.quimbayo\Desktop\RetoFrameworkSofkaWebUI\src\main\resources\evidence\makeAPurchase._2023-01-07T04-21\makeAPurchase.\makeASuccessfulShopping. . Image name: makeASuccessfulShopping.-5.png
2023-ene.-07 04:21:26 [Test] COMPLETED : Action 'sendText' executed successfully with parameters :
'Web Element located by : 'No information' , Text : '88682145' , Timeout : '5''.
		Evidence saved at: C:\Users\juan.quimbayo\Desktop\RetoFrameworkSofkaWebUI\src\main\resources\evidence\makeAPurchase._2023-01-07T04-21\makeAPurchase.\makeASuccessfulShopping. . Image name: makeASuccessfulShopping.-6.png
2023-ene.-07 04:21:26 [Test] COMPLETED : Action 'sendText' executed successfully with parameters :
'Web Element located by : 'No information' , Text : '88682145' , Timeout : '5''.
		Evidence saved at: C:\Users\juan.quimbayo\Desktop\RetoFrameworkSofkaWebUI\src\main\resources\evidence\makeAPurchase._2023-01-07T04-21\makeAPurchase.\makeASuccessfulShopping. . Image name: makeASuccessfulShopping.-7.png
2023-ene.-07 04:21:28 [Test] COMPLETED : Action 'click' executed successfully with parameters :
'Web Element located by : 'No information' , Timeout : '2''.
		Evidence saved at: C:\Users\juan.quimbayo\Desktop\RetoFrameworkSofkaWebUI\src\main\resources\evidence\makeAPurchase._2023-01-07T04-21\makeAPurchase.\makeASuccessfulShopping. . Image name: makeASuccessfulShopping.-8.png
2023-ene.-07 04:21:29 [Test] COMPLETED : Action 'click' executed successfully with parameters :
'Web Element located by : 'No information' , Timeout : '2''.
		Evidence saved at: C:\Users\juan.quimbayo\Desktop\RetoFrameworkSofkaWebUI\src\main\resources\evidence\makeAPurchase._2023-01-07T04-21\makeAPurchase.\makeASuccessfulShopping. . Image name: makeASuccessfulShopping.-9.png
2023-ene.-07 04:21:29 [Test] COMPLETED : Action 'click' executed successfully with parameters :
'Web Element located by : 'No information' , Timeout : '2''.
		Evidence saved at: C:\Users\juan.quimbayo\Desktop\RetoFrameworkSofkaWebUI\src\main\resources\evidence\makeAPurchase._2023-01-07T04-21\makeAPurchase.\makeASuccessfulShopping. . Image name: makeASuccessfulShopping.-10.png
2023-ene.-07 04:21:30 [Test] COMPLETED : Action 'click' executed successfully with parameters :
'Web Element located by : 'No information' , Timeout : '2''.
		Evidence saved at: C:\Users\juan.quimbayo\Desktop\RetoFrameworkSofkaWebUI\src\main\resources\evidence\makeAPurchase._2023-01-07T04-21\makeAPurchase.\makeASuccessfulShopping. . Image name: makeASuccessfulShopping.-11.png
2023-ene.-07 04:21:32 [Test] FAILED : Ocurrio un error al intentar ir a la pagina de Contact Us
>> Failure:
co.com.sofka.test.exceptions.WebActionsException: Action 'click' execution failed with parameters :
'Web Element located by : 'No information' , Timeout : '2''.
		Evidence saved at: C:\Users\juan.quimbayo\Desktop\RetoFrameworkSofkaWebUI\src\main\resources\evidence\makeAPurchase._2023-01-07T04-21\makeAPurchase.\makeASuccessfulShopping. . Image name: makeASuccessfulShopping.-12.png
	at co.com.sofka.test.actions.WebAction.click(WebAction.java:852)
	at com.tricentis.demowebshop.test.controllers.SuccessfulShoppingController.irHaciaBooks(SuccessfulShoppingController.java:26)
	at com.tricentis.demowebshop.test.stepdefinition.SuccessfulShoppingStepDefinition.theCustomerFillsOutTheFormCorrectlyMakingASuccessfulShopping(SuccessfulShoppingStepDefinition.java:69)
	at java.base/jdk.internal.reflect.NativeMethodAccessorImpl.invoke0(Native Method)
	at java.base/jdk.internal.reflect.NativeMethodAccessorImpl.invoke(NativeMethodAccessorImpl.java:62)
	at java.base/jdk.internal.reflect.DelegatingMethodAccessorImpl.invoke(DelegatingMethodAccessorImpl.java:43)
	at java.base/java.lang.reflect.Method.invoke(Method.java:566)
	at cucumber.runtime.Utils$1.call(Utils.java:26)
	at cucumber.runtime.Timeout.timeout(Timeout.java:16)
	at cucumber.runtime.Utils.invoke(Utils.java:20)
	at cucumber.runtime.java.JavaStepDefinition.execute(JavaStepDefinition.java:49)
	at cucumber.runner.PickleStepDefinitionMatch.runStep(PickleStepDefinitionMatch.java:50)
	at cucumber.runner.TestStep.executeStep(TestStep.java:63)
	at cucumber.runner.TestStep.run(TestStep.java:49)
	at cucumber.runner.PickleStepTestStep.run(PickleStepTestStep.java:43)
	at cucumber.runner.TestCase.run(TestCase.java:44)
	at cucumber.runner.Runner.runPickle(Runner.java:40)
	at cucumber.runtime.junit.PickleRunners$NoStepDescriptions.run(PickleRunners.java:146)
	at cucumber.runtime.junit.FeatureRunner.runChild(FeatureRunner.java:68)
	at cucumber.runtime.junit.FeatureRunner.runChild(FeatureRunner.java:23)
	at org.junit.runners.ParentRunner$3.run(ParentRunner.java:290)
	at org.junit.runners.ParentRunner$1.schedule(ParentRunner.java:71)
	at org.junit.runners.ParentRunner.runChildren(ParentRunner.java:288)
	at org.junit.runners.ParentRunner.access$000(ParentRunner.java:58)
	at org.junit.runners.ParentRunner$2.evaluate(ParentRunner.java:268)
	at org.junit.runners.ParentRunner.run(ParentRunner.java:363)
	at cucumber.runtime.junit.FeatureRunner.run(FeatureRunner.java:73)
	at cucumber.api.junit.Cucumber.runChild(Cucumber.java:124)
	at cucumber.api.junit.Cucumber.runChild(Cucumber.java:65)
	at org.junit.runners.ParentRunner$3.run(ParentRunner.java:290)
	at org.junit.runners.ParentRunner$1.schedule(ParentRunner.java:71)
	at org.junit.runners.ParentRunner.runChildren(ParentRunner.java:288)
	at org.junit.runners.ParentRunner.access$000(ParentRunner.java:58)
	at org.junit.runners.ParentRunner$2.evaluate(ParentRunner.java:268)
	at cucumber.api.junit.Cucumber$1.evaluate(Cucumber.java:133)
	at org.junit.runners.ParentRunner.run(ParentRunner.java:363)
	at org.junit.runner.JUnitCore.run(JUnitCore.java:137)
	at com.intellij.junit4.JUnit4IdeaTestRunner.startRunnerWithArgs(JUnit4IdeaTestRunner.java:69)
	at com.intellij.rt.junit.IdeaTestRunner$Repeater$1.execute(IdeaTestRunner.java:38)
	at com.intellij.rt.execution.junit.TestsRepeater.repeat(TestsRepeater.java:11)
	at com.intellij.rt.junit.IdeaTestRunner$Repeater.startRunnerWithArgs(IdeaTestRunner.java:35)
	at com.intellij.rt.junit.JUnitStarter.prepareStreamsAndStart(JUnitStarter.java:235)
	at com.intellij.rt.junit.JUnitStarter.main(JUnitStarter.java:54)
Caused by: org.openqa.selenium.TimeoutException: Expected condition failed: waiting for element to be clickable: [[ChromeDriver: chrome on WINDOWS (49f5c2ed83c56d189e100db42599c70a)] -> xpath: //body/div[@id='bar-notification']/span[1]] (tried for 2 second(s) with 500 milliseconds interval)
Build info: version: '3.141.59', revision: 'e82be7d358', time: '2018-11-14T08:17:03'
System info: host: 'PSOFKA0983', ip: '192.168.20.30', os.name: 'Windows 10', os.arch: 'amd64', os.version: '10.0', java.version: '11.0.17'
Driver info: org.openqa.selenium.chrome.ChromeDriver
Capabilities {acceptInsecureCerts: false, browserName: chrome, browserVersion: 108.0.5359.125, chrome: {chromedriverVersion: 108.0.5359.71 (1e0e3868ee06..., userDataDir: C:\Users\JUAN~1.QUI\AppData...}, goog:chromeOptions: {debuggerAddress: localhost:62636}, javascriptEnabled: true, networkConnectionEnabled: false, pageLoadStrategy: normal, platform: WINDOWS, platformName: WINDOWS, proxy: Proxy(), setWindowRect: true, strictFileInteractability: false, timeouts: {implicit: 0, pageLoad: 300000, script: 30000}, unhandledPromptBehavior: dismiss and notify, webauthn:extension:credBlob: true, webauthn:extension:largeBlob: true, webauthn:virtualAuthenticators: true}
Session ID: 49f5c2ed83c56d189e100db42599c70a
	at org.openqa.selenium.support.ui.WebDriverWait.timeoutException(WebDriverWait.java:95)
	at org.openqa.selenium.support.ui.FluentWait.until(FluentWait.java:272)
	at co.com.sofka.test.actions.WebAction.click(WebAction.java:838)
	... 42 more

